<?xml version="1.0" encoding="UTF-8"?>
<!-- Generated by org.testng.reporters.JUnitXMLReporter -->
<testsuite hostname="DESKTOP-CD4PKTO" ignored="0" name="Default test" tests="8" failures="2" timestamp="2021-01-29T14:47:54 CST" time="0.042" errors="0">
  <testcase name="@BeforeClass initializeDriver" time="-1.611953274735E9" classname="testPackage.TestClass">
    <failure type="org.testng.TestNGException" message="
Parameter &amp;apos;browserName&amp;apos; is required by BeforeClass on method initializeDriver but has not been marked @Optional or defined
in C:\Users\Anurag\AppData\Local\Temp\testng-eclipse--2033065005\testng-customsuite.xml">
      <![CDATA[org.testng.TestNGException: 
Parameter 'browserName' is required by BeforeClass on method initializeDriver but has not been marked @Optional or defined
in C:\Users\Anurag\AppData\Local\Temp\testng-eclipse--2033065005\testng-customsuite.xml
at org.testng.internal.Parameters.createParams(Parameters.java:268)
at org.testng.internal.Parameters.createParametersForMethod(Parameters.java:356)
at org.testng.internal.Parameters.createParameters(Parameters.java:700)
at org.testng.internal.Parameters.createConfigurationParameters(Parameters.java:166)
at org.testng.internal.ConfigInvoker.invokeConfigurations(ConfigInvoker.java:301)
at org.testng.internal.TestMethodWorker.invokeBeforeClassMethods(TestMethodWorker.java:176)
at org.testng.internal.TestMethodWorker.run(TestMethodWorker.java:122)
at java.util.ArrayList.forEach(ArrayList.java:1259)
at org.testng.TestRunner.privateRun(TestRunner.java:764)
at org.testng.TestRunner.run(TestRunner.java:585)
at org.testng.SuiteRunner.runTest(SuiteRunner.java:384)
at org.testng.SuiteRunner.runSequentially(SuiteRunner.java:378)
at org.testng.SuiteRunner.privateRun(SuiteRunner.java:337)
at org.testng.SuiteRunner.run(SuiteRunner.java:286)
at org.testng.SuiteRunnerWorker.runSuite(SuiteRunnerWorker.java:53)
at org.testng.SuiteRunnerWorker.run(SuiteRunnerWorker.java:96)
at org.testng.TestNG.runSuitesSequentially(TestNG.java:1218)
at org.testng.TestNG.runSuitesLocally(TestNG.java:1140)
at org.testng.TestNG.runSuites(TestNG.java:1069)
at org.testng.TestNG.run(TestNG.java:1037)
at org.testng.remote.AbstractRemoteTestNG.run(AbstractRemoteTestNG.java:115)
at org.testng.remote.RemoteTestNG.initAndRun(RemoteTestNG.java:251)
at org.testng.remote.RemoteTestNG.main(RemoteTestNG.java:77)
]]>
    </failure>
  </testcase> <!-- @BeforeClass initializeDriver -->
  <testcase name="openApplication" time="0.0" classname="testPackage.TestClass">
    <failure type="org.testng.TestNGException" message="
Parameter &amp;apos;appURL&amp;apos; is required by @Test on method openApplication but has not been marked @Optional or defined
in C:\Users\Anurag\AppData\Local\Temp\testng-eclipse--2033065005\testng-customsuite.xml">
      <![CDATA[org.testng.TestNGException: 
Parameter 'appURL' is required by @Test on method openApplication but has not been marked @Optional or defined
in C:\Users\Anurag\AppData\Local\Temp\testng-eclipse--2033065005\testng-customsuite.xml
at org.testng.internal.Parameters.createParams(Parameters.java:268)
at org.testng.internal.Parameters.createParametersForMethod(Parameters.java:356)
at org.testng.internal.Parameters.createParameters(Parameters.java:700)
at org.testng.internal.Parameters.handleParameters(Parameters.java:875)
at org.testng.internal.Parameters.handleParameters(Parameters.java:740)
at org.testng.internal.ParameterHandler.handleParameters(ParameterHandler.java:59)
at org.testng.internal.ParameterHandler.createParameters(ParameterHandler.java:38)
at org.testng.internal.TestInvoker$MethodInvocationAgent.invoke(TestInvoker.java:789)
at org.testng.internal.TestInvoker.invokeTestMethods(TestInvoker.java:147)
at org.testng.internal.TestMethodWorker.invokeTestMethods(TestMethodWorker.java:146)
at org.testng.internal.TestMethodWorker.run(TestMethodWorker.java:128)
at java.util.ArrayList.forEach(ArrayList.java:1259)
at org.testng.TestRunner.privateRun(TestRunner.java:764)
at org.testng.TestRunner.run(TestRunner.java:585)
at org.testng.SuiteRunner.runTest(SuiteRunner.java:384)
at org.testng.SuiteRunner.runSequentially(SuiteRunner.java:378)
at org.testng.SuiteRunner.privateRun(SuiteRunner.java:337)
at org.testng.SuiteRunner.run(SuiteRunner.java:286)
at org.testng.SuiteRunnerWorker.runSuite(SuiteRunnerWorker.java:53)
at org.testng.SuiteRunnerWorker.run(SuiteRunnerWorker.java:96)
at org.testng.TestNG.runSuitesSequentially(TestNG.java:1218)
at org.testng.TestNG.runSuitesLocally(TestNG.java:1140)
at org.testng.TestNG.runSuites(TestNG.java:1069)
at org.testng.TestNG.run(TestNG.java:1037)
at org.testng.remote.AbstractRemoteTestNG.run(AbstractRemoteTestNG.java:115)
at org.testng.remote.RemoteTestNG.initAndRun(RemoteTestNG.java:251)
at org.testng.remote.RemoteTestNG.main(RemoteTestNG.java:77)
]]>
    </failure>
  </testcase> <!-- openApplication -->
  <testcase name="verifyHomePageOfApplication" time="0.0" classname="testPackage.TestClass">
    <skipped/>
  </testcase> <!-- verifyHomePageOfApplication -->
  <testcase name="clickOnSignInLink" time="0.0" classname="testPackage.TestClass">
    <skipped/>
  </testcase> <!-- clickOnSignInLink -->
  <testcase name="verifySignInTabOpenedOnHomePage" time="0.0" classname="testPackage.TestClass">
    <skipped/>
  </testcase> <!-- verifySignInTabOpenedOnHomePage -->
  <testcase name="enterTextInEmailAndPasswordTextBoxHomePage" time="0.0" classname="testPackage.TestClass">
    <failure type="org.testng.TestNGException" message="
Parameter &amp;apos;eMailID&amp;apos; is required by @Test on method enterTextInEmailAndPasswordTextBoxHomePage but has not been marked @Optional or defined
in C:\Users\Anurag\AppData\Local\Temp\testng-eclipse--2033065005\testng-customsuite.xml">
      <![CDATA[org.testng.TestNGException: 
Parameter 'eMailID' is required by @Test on method enterTextInEmailAndPasswordTextBoxHomePage but has not been marked @Optional or defined
in C:\Users\Anurag\AppData\Local\Temp\testng-eclipse--2033065005\testng-customsuite.xml
at org.testng.internal.Parameters.createParams(Parameters.java:268)
at org.testng.internal.Parameters.createParametersForMethod(Parameters.java:356)
at org.testng.internal.Parameters.createParameters(Parameters.java:700)
at org.testng.internal.Parameters.handleParameters(Parameters.java:875)
at org.testng.internal.Parameters.handleParameters(Parameters.java:740)
at org.testng.internal.ParameterHandler.handleParameters(ParameterHandler.java:59)
at org.testng.internal.ParameterHandler.createParameters(ParameterHandler.java:38)
at org.testng.internal.TestInvoker$MethodInvocationAgent.invoke(TestInvoker.java:789)
at org.testng.internal.TestInvoker.invokeTestMethods(TestInvoker.java:147)
at org.testng.internal.TestMethodWorker.invokeTestMethods(TestMethodWorker.java:146)
at org.testng.internal.TestMethodWorker.run(TestMethodWorker.java:128)
at java.util.ArrayList.forEach(ArrayList.java:1259)
at org.testng.TestRunner.privateRun(TestRunner.java:764)
at org.testng.TestRunner.run(TestRunner.java:585)
at org.testng.SuiteRunner.runTest(SuiteRunner.java:384)
at org.testng.SuiteRunner.runSequentially(SuiteRunner.java:378)
at org.testng.SuiteRunner.privateRun(SuiteRunner.java:337)
at org.testng.SuiteRunner.run(SuiteRunner.java:286)
at org.testng.SuiteRunnerWorker.runSuite(SuiteRunnerWorker.java:53)
at org.testng.SuiteRunnerWorker.run(SuiteRunnerWorker.java:96)
at org.testng.TestNG.runSuitesSequentially(TestNG.java:1218)
at org.testng.TestNG.runSuitesLocally(TestNG.java:1140)
at org.testng.TestNG.runSuites(TestNG.java:1069)
at org.testng.TestNG.run(TestNG.java:1037)
at org.testng.remote.AbstractRemoteTestNG.run(AbstractRemoteTestNG.java:115)
at org.testng.remote.RemoteTestNG.initAndRun(RemoteTestNG.java:251)
at org.testng.remote.RemoteTestNG.main(RemoteTestNG.java:77)
]]>
    </failure>
  </testcase> <!-- enterTextInEmailAndPasswordTextBoxHomePage -->
  <testcase name="verifyMyAccountPageIsOpened" time="0.0" classname="testPackage.TestClass">
    <skipped/>
  </testcase> <!-- verifyMyAccountPageIsOpened -->
  <testcase name="moveAndClickOnWomenTabOnMyAccountPage" time="0.0" classname="testPackage.TestClass">
    <skipped/>
  </testcase> <!-- moveAndClickOnWomenTabOnMyAccountPage -->
  <testcase name="selectCategoriesCheckBoxOfCatalogOnWomenTabOnMyAccount" time="0.0" classname="testPackage.TestClass">
    <skipped/>
  </testcase> <!-- selectCategoriesCheckBoxOfCatalogOnWomenTabOnMyAccount -->
</testsuite> <!-- Default test -->
