<?xml version="1.0" encoding="UTF-8"?>
<!-- Generated by org.testng.reporters.JUnitXMLReporter -->
<testsuite hostname="DESKTOP-CD4PKTO" ignored="0" name="Regression" tests="3" failures="1" timestamp="2021-01-25T17:55:52 CST" time="27.66" errors="0">
  <testcase name="loginMethodForChrome" time="0.06" classname="employeePackage.CrossBrowserPractice"/>
  <testcase name="loginMethodForFireFox" time="0.008" classname="employeePackage.CrossBrowserPractice"/>
  <testcase name="loginMethodForEdge" time="27.302" classname="employeePackage.CrossBrowserPractice">
    <failure type="org.openqa.selenium.SessionNotCreatedException" message="session not created: This version of MSEdgeDriver only supports MSEdge version 89
Current browser version is 87.0.664.75 with binary path C:\Program Files (x86)\Microsoft\Edge\Application\msedge.exe
Build info: version: &amp;apos;3.141.59&amp;apos;, revision: &amp;apos;e82be7d358&amp;apos;, time: &amp;apos;2018-11-14T08:25:48&amp;apos;
System info: host: &amp;apos;DESKTOP-CD4PKTO&amp;apos;, ip: &amp;apos;10.0.0.208&amp;apos;, os.name: &amp;apos;Windows 10&amp;apos;, os.arch: &amp;apos;amd64&amp;apos;, os.version: &amp;apos;10.0&amp;apos;, java.version: &amp;apos;1.8.0_271&amp;apos;
Driver info: driver.version: EdgeDriver
remote stacktrace: Backtrace:
	Ordinal0 [0x00007FF781C198B2+170162]
	GetHandleVerifier [0x00007FF78237BDA8+2218696]
	GetHandleVerifier [0x00007FF7823A2D85+2378405]
	GetHandleVerifier [0x00007FF78239F1C0+2363104]
	GetHandleVerifier [0x00007FF782399198+2338488]
	GetHandleVerifier [0x00007FF7823CAD50+2542192]
	GetHandleVerifier [0x00007FF7823C6E5F+2526079]
	GetHandleVerifier [0x00007FF7823A4A8A+2385834]
	GetHandleVerifier [0x00007FF7823A56CB+2388971]
	Ordinal0 [0x00007FF781C338A1+276641]
	GetHandleVerifier [0x00007FF782446AB0+3049424]
	GetHandleVerifier [0x00007FF7824497CE+3060974]
	GetHandleVerifier [0x00007FF782447338+3051608]
	Ordinal0 [0x00007FF781D83390+1651600]
	Ordinal0 [0x00007FF781D81BD8+1645528]
	Ordinal0 [0x00007FF781D636F0+1521392]
	BaseThreadInitThunk [0x00007FF823007034+20]
	RtlUserThreadStart [0x00007FF823A1D0D1+33]
">
      <![CDATA[org.openqa.selenium.SessionNotCreatedException: session not created: This version of MSEdgeDriver only supports MSEdge version 89
Current browser version is 87.0.664.75 with binary path C:\Program Files (x86)\Microsoft\Edge\Application\msedge.exe
Build info: version: '3.141.59', revision: 'e82be7d358', time: '2018-11-14T08:25:48'
System info: host: 'DESKTOP-CD4PKTO', ip: '10.0.0.208', os.name: 'Windows 10', os.arch: 'amd64', os.version: '10.0', java.version: '1.8.0_271'
Driver info: driver.version: EdgeDriver
remote stacktrace: Backtrace:
Ordinal0 [0x00007FF781C198B2+170162]
GetHandleVerifier [0x00007FF78237BDA8+2218696]
GetHandleVerifier [0x00007FF7823A2D85+2378405]
GetHandleVerifier [0x00007FF78239F1C0+2363104]
GetHandleVerifier [0x00007FF782399198+2338488]
GetHandleVerifier [0x00007FF7823CAD50+2542192]
GetHandleVerifier [0x00007FF7823C6E5F+2526079]
GetHandleVerifier [0x00007FF7823A4A8A+2385834]
GetHandleVerifier [0x00007FF7823A56CB+2388971]
Ordinal0 [0x00007FF781C338A1+276641]
GetHandleVerifier [0x00007FF782446AB0+3049424]
GetHandleVerifier [0x00007FF7824497CE+3060974]
GetHandleVerifier [0x00007FF782447338+3051608]
Ordinal0 [0x00007FF781D83390+1651600]
Ordinal0 [0x00007FF781D81BD8+1645528]
Ordinal0 [0x00007FF781D636F0+1521392]
BaseThreadInitThunk [0x00007FF823007034+20]
RtlUserThreadStart [0x00007FF823A1D0D1+33]

at org.openqa.selenium.remote.W3CHandshakeResponse.lambda$errorHandler$0(W3CHandshakeResponse.java:62)
at org.openqa.selenium.remote.HandshakeResponse.lambda$getResponseFunction$0(HandshakeResponse.java:30)
at org.openqa.selenium.remote.ProtocolHandshake.lambda$createSession$0(ProtocolHandshake.java:126)
at java.util.stream.ReferencePipeline$3$1.accept(ReferencePipeline.java:193)
at java.util.Spliterators$ArraySpliterator.tryAdvance(Spliterators.java:958)
at java.util.stream.ReferencePipeline.forEachWithCancel(ReferencePipeline.java:126)
at java.util.stream.AbstractPipeline.copyIntoWithCancel(AbstractPipeline.java:499)
at java.util.stream.AbstractPipeline.copyInto(AbstractPipeline.java:486)
at java.util.stream.AbstractPipeline.wrapAndCopyInto(AbstractPipeline.java:472)
at java.util.stream.FindOps$FindOp.evaluateSequential(FindOps.java:152)
at java.util.stream.AbstractPipeline.evaluate(AbstractPipeline.java:234)
at java.util.stream.ReferencePipeline.findFirst(ReferencePipeline.java:464)
at org.openqa.selenium.remote.ProtocolHandshake.createSession(ProtocolHandshake.java:128)
at org.openqa.selenium.remote.ProtocolHandshake.createSession(ProtocolHandshake.java:74)
at org.openqa.selenium.remote.HttpCommandExecutor.execute(HttpCommandExecutor.java:136)
at org.openqa.selenium.remote.service.DriverCommandExecutor.execute(DriverCommandExecutor.java:83)
at org.openqa.selenium.remote.RemoteWebDriver.execute(RemoteWebDriver.java:552)
at org.openqa.selenium.remote.RemoteWebDriver.startSession(RemoteWebDriver.java:213)
at org.openqa.selenium.remote.RemoteWebDriver.<init>(RemoteWebDriver.java:131)
at org.openqa.selenium.edge.EdgeDriver.<init>(EdgeDriver.java:141)
at org.openqa.selenium.edge.EdgeDriver.<init>(EdgeDriver.java:96)
at employeePackage.CrossBrowserPractice.loginMethodForEdge(CrossBrowserPractice.java:38)
at java.util.ArrayList.forEach(ArrayList.java:1259)
at java.util.concurrent.FutureTask.run(FutureTask.java:266)
at java.util.concurrent.ThreadPoolExecutor.runWorker(ThreadPoolExecutor.java:1149)
at java.util.concurrent.ThreadPoolExecutor$Worker.run(ThreadPoolExecutor.java:624)
at java.lang.Thread.run(Thread.java:748)
... Removed 22 stack frames]]>
    </failure>
  </testcase> <!-- loginMethodForEdge -->
</testsuite> <!-- Regression -->
