<?xml version="1.0" encoding="UTF-8"?>
<!-- Generated by org.testng.reporters.JUnitXMLReporter -->
<testsuite hostname="DESKTOP-CD4PKTO" ignored="0" name="TestFreeCRMApplication" tests="10" failures="0" timestamp="2021-02-01T19:04:03 CST" time="18.144" errors="0">
  <testcase name="openApplication" time="1.968" classname="testPackage.TestClass"/>
  <testcase name="verifyHomePageOfApplication" time="0.076" classname="testPackage.TestClass"/>
  <testcase name="clickOnSignInLink" time="0.978" classname="testPackage.TestClass"/>
  <testcase name="verifySignInTabOpenedOnHomePage" time="0.109" classname="testPackage.TestClass"/>
  <testcase name="enterTextInEmailAndPasswordTextBoxHomePage" time="2.513" classname="testPackage.TestClass"/>
  <testcase name="verifyMyAccountPageIsOpened" time="0.335" classname="testPackage.TestClass"/>
  <testcase name="moveAndClickOnWomenTabOnMyAccountPage" time="3.822" classname="testPackage.TestClass"/>
  <testcase name="selectCategoriesCheckBoxOfCatalogOnWomenTabOnMyAccount" time="0.75" classname="testPackage.TestClass"/>
  <testcase name="enterTextInSearchBoxMyAcconutPage" time="0.584" classname="testPackage.TestClass"/>
  <testcase name="selectSortDropDownMyAccountPage" time="0.818" classname="testPackage.TestClass"/>
</testsuite> <!-- TestFreeCRMApplication -->
