<?xml version="1.0" encoding="UTF-8"?>
<!-- Generated by org.testng.reporters.JUnitXMLReporter -->
<testsuite hostname="DESKTOP-CD4PKTO" ignored="0" name="TestFreeCRMApplicationChrome" tests="10" failures="0" timestamp="2021-02-01T22:27:06 CST" time="76.289" errors="0">
  <testcase name="openApplication" time="10.508" classname="testPackage.TestClass"/>
  <testcase name="verifyHomePageOfApplication" time="0.658" classname="testPackage.TestClass"/>
  <testcase name="clickOnSignInLink" time="3.285" classname="testPackage.TestClass"/>
  <testcase name="verifySignInTabOpenedOnHomePage" time="1.241" classname="testPackage.TestClass"/>
  <testcase name="enterTextInEmailAndPasswordTextBoxHomePage" time="41.247" classname="testPackage.TestClass"/>
  <testcase name="verifyMyAccountPageIsOpened" time="1.166" classname="testPackage.TestClass"/>
  <testcase name="moveAndClickOnWomenTabOnMyAccountPage" time="6.46" classname="testPackage.TestClass"/>
  <testcase name="selectCategoriesCheckBoxOfCatalogOnWomenTabOnMyAccount" time="0.172" classname="testPackage.TestClass"/>
  <testcase name="enterTextInSearchBoxMyAcconutPage" time="0.671" classname="testPackage.TestClass"/>
  <testcase name="selectSortDropDownMyAccountPage" time="1.0" classname="testPackage.TestClass"/>
</testsuite> <!-- TestFreeCRMApplicationChrome -->
