<?xml version="1.0" encoding="UTF-8"?>
<!-- Generated by org.testng.reporters.JUnitXMLReporter -->
<testsuite hostname="DESKTOP-CD4PKTO" ignored="0" name="Test" tests="10" failures="0" timestamp="2021-01-24T10:58:16 CST" time="13.667" errors="0">
  <testcase name="LoginStepDefinition_init" time="7.986" classname="employeePackage.LoginToFreeCRM"/>
  <testcase name="userVerifySignInButtonIsPresent" time="1.556" classname="employeePackage.LoginToFreeCRM"/>
  <testcase name="verifyLoginButtonIsPresent" time="0.075" classname="employeePackage.LoginToFreeCRM"/>
  <testcase name="userEntersLoginNameAndPassword" time="0.136" classname="employeePackage.LoginToFreeCRM"/>
  <testcase name="userClickOnSignInButton" time="1.232" classname="employeePackage.LoginToFreeCRM"/>
  <testcase name="verifyHomePageIsOpened" time="0.045" classname="employeePackage.LoginToFreeCRM"/>
  <testcase name="clicksOnPersonalInformationButton" time="0.682" classname="employeePackage.LoginToFreeCRM"/>
  <testcase name="enterPersonalDeatils" time="0.116" classname="employeePackage.LoginToFreeCRM"/>
  <testcase name="clickOnSaveButtonPersonalInformationPage" time="0.605" classname="employeePackage.LoginToFreeCRM"/>
  <testcase name="userClicksOnSignOut" time="1.193" classname="employeePackage.LoginToFreeCRM"/>
</testsuite> <!-- Test -->
